<?xml version="1.0" encoding="UTF-8"?>
<testsuite xmlns:xsi="http://www.w3.org/2001/XMLSchema-instance" xsi:noNamespaceSchemaLocation="https://maven.apache.org/surefire/maven-surefire-plugin/xsd/surefire-test-report.xsd" name="com.ewb.DistanceTest" time="0.021" tests="5" errors="0" skipped="0" failures="0">
  <properties>
[...]
</properties>
  <testcase name="testSecondApproach" classname="com.ewb.DistanceTest" time="0.002"/>
  <testcase name="testFirstApproach" classname="com.ewb.DistanceTest" time="0"/>
  <testcase name="testJensenShannonDivergence1" classname="com.ewb.DistanceTest" time="0"/>
  <testcase name="testJensenShannonDivergence2" classname="com.ewb.DistanceTest" time="0"/>
  <testcase name="testJensenShannonDivergence3" classname="com.ewb.DistanceTest" time="0"/>
</testsuite>